<?xml version="1.0" encoding="UTF-8"?>
<testng-results ignored="0" total="1" passed="1" failed="0" skipped="0">
  <reporter-output>
  </reporter-output>
  <suite started-at="2022-03-17T15:39:50 IST" name="Default suite" finished-at="2022-03-17T15:40:00 IST" duration-ms="9865">
    <groups>
    </groups>
    <test started-at="2022-03-17T15:39:50 IST" name="Default test" finished-at="2022-03-17T15:40:00 IST" duration-ms="9865">
      <class name="practice.Flipkart">
        <test-method signature="flipkar1()[pri:0, instance:practice.Flipkart@3e11f9e9]" started-at="2022-03-17T15:39:50 IST" name="flipkar1" finished-at="2022-03-17T15:40:00 IST" duration-ms="9821" status="PASS">
          <reporter-output>
          </reporter-output>
        </test-method> <!-- flipkar1 -->
      </class> <!-- practice.Flipkart -->
    </test> <!-- Default test -->
  </suite> <!-- Default suite -->
</testng-results>
